Proc 7 to (link)queue: Message: (0/0)
Proc 7to (link)queue: Ack: (0/0)
Proc 7to (link)queue: Ack: (0/0)
Proc 7to (link)queue: Ack: (0/0)
Proc 7to (link)queue: Ack: (0/0)
Proc 7to (link)queue: Ack: (0/0)
Proc 7to (link)queue: Ack: (0/0)
Proc 7to (link)queue: Ack: (0/0)
Added to queue: Message: (0/0)(pos = 0)
Proc 7 acking Message: (0/0) to Proc 0
Proc 7 to (link)queue: Message: (1/0)
Proc 7 acking Message: (0/0) to Proc 1
Proc 7 acking Message: (0/0) to Proc 2
Proc 7 acking Message: (0/0) to Proc 3
Proc 7 acking Message: (0/0) to Proc 4
Proc 7 acking Message: (0/0) to Proc 5
Proc 7 acking Message: (0/0) to Proc 6
Proc 7 acking Message: (0/0) to Proc 7
Proc 7to (link)queue: Ack: (0/0)
Proc 7 acking Message: (0/0) to Proc 8
Proc 7 acking Message: (0/0) to Proc 9
Proc 7 acking Message: (0/0) to Proc 10
Proc 7 acking Message: (0/0) to Proc 11
Proc 7 acking Message: (0/0) to Proc 12
Proc 7 acking Message: (0/0) to Proc 13
Proc 7 acking Message: (0/0) to Proc 14
Proc 7 acking Message: (0/0) to Proc 15
Proc 7 acking Message: (0/0) to Proc 16
Proc 7 acking Message: (0/0) to Proc 17
Proc 7 acking Message: (0/0) to Proc 18
Proc 7 acking Message: (0/0) to Proc 19
Proc 7to (link)queue: Ack: (1/0)
Added to queue: Message: (1/0)(pos = 1)
Proc 7 acking Message: (1/0) to Proc 0
Proc 7 acking Message: (1/0) to Proc 1
Proc 7to (link)queue: Ack: (1/0)
Proc 7 acking Message: (1/0) to Proc 2
Proc 7 acking Message: (1/0) to Proc 3
Proc 7to (link)queue: Ack: (1/0)
Proc 7 acking Message: (1/0) to Proc 4
Proc 7 acking Message: (1/0) to Proc 5
Proc 7to (link)queue: Ack: (0/0)
Proc 7 acking Message: (1/0) to Proc 6
Proc 7 acking Message: (1/0) to Proc 7
Proc 7to (link)queue: Ack: (1/0)
Proc 7 acking Message: (1/0) to Proc 8
Proc 7 acking Message: (1/0) to Proc 9
Proc 7to (link)queue: Ack: (0/0)
Proc 7 acking Message: (1/0) to Proc 10
Proc 7 acking Message: (1/0) to Proc 11
Proc 7to (link)queue: Ack: (0/0)
Proc 7 acking Message: (1/0) to Proc 12
Proc 7 acking Message: (1/0) to Proc 13
Proc 7 acking Message: (1/0) to Proc 14
Proc 7 acking Message: (1/0) to Proc 15
Proc 7 acking Message: (1/0) to Proc 16
Proc 7 acking Message: (1/0) to Proc 17
Proc 7 acking Message: (1/0) to Proc 18
Proc 7 acking Message: (1/0) to Proc 19
No delivery this round
Proc 7to (link)queue: Ack: (0/0)
Proc 7to (link)queue: Ack: (1/0)
Proc 7to (link)queue: Ack: (1/0)
Proc 7to (link)queue: Ack: (1/0)
Proc 7to (link)queue: Ack: (0/0)
Proc 7to (link)queue: Ack: (1/0)
Proc 7to (link)queue: Ack: (1/0)
Proc 7to (link)queue: Ack: (1/0)
Proc 7to (link)queue: Ack: (1/0)
Proc 7to (link)queue: Ack: (1/0)
Proc 7to (link)queue: Ack: (1/0)
Proc 7 to (link)queue: Message: (2/0)
Added to queue: Message: (2/0)(pos = 2)
Proc 7 acking Message: (2/0) to Proc 0
Proc 7 acking Message: (2/0) to Proc 1
Proc 7 acking Message: (2/0) to Proc 2
Proc 7 acking Message: (2/0) to Proc 3
Proc 7 acking Message: (2/0) to Proc 4
Proc 7to (link)queue: Ack: (2/0)
Proc 7 acking Message: (2/0) to Proc 5
Proc 7to (link)queue: Ack: (2/0)
Proc 7to (link)queue: Ack: (2/0)
Proc 7 acking Message: (2/0) to Proc 6
Proc 7 acking Message: (2/0) to Proc 7
Proc 7to (link)queue: Ack: (2/0)
Proc 7 acking Message: (2/0) to Proc 8
Proc 7 acking Message: (2/0) to Proc 9
Proc 7 acking Message: (2/0) to Proc 10
Proc 7 acking Message: (2/0) to Proc 11
Proc 7 acking Message: (2/0) to Proc 12
Proc 7 acking Message: (2/0) to Proc 13
Proc 7 acking Message: (2/0) to Proc 14
Proc 7 acking Message: (2/0) to Proc 15
Proc 7 acking Message: (2/0) to Proc 16
Proc 7 acking Message: (2/0) to Proc 17
Proc 7 acking Message: (2/0) to Proc 18
Proc 7 acking Message: (2/0) to Proc 19
No delivery this round
Proc 7to (link)queue: Ack: (0/0)
Proc 7to (link)queue: Ack: (2/0)
Proc 7to (link)queue: Ack: (2/0)
Proc 7to (link)queue: Ack: (0/0)
Proc 7to (link)queue: Ack: (0/0)
Proc 7to (link)queue: Ack: (0/0)
Proc 7to (link)queue: Ack: (0/0)
Proc 7to (link)queue: Ack: (1/0)
Proc 7to (link)queue: Ack: (2/0)
Proc 7to (link)queue: Ack: (0/0)
Proc 7to (link)queue: Ack: (2/0)
Proc 7to (link)queue: Ack: (1/0)
Proc 7to (link)queue: Ack: (2/0)
Proc 7to (link)queue: Ack: (1/0)
Proc 7to (link)queue: Ack: (2/0)
Proc 7to (link)queue: Ack: (1/0)
Proc 7to (link)queue: Ack: (1/0)
Proc 7to (link)queue: Ack: (2/0)
Proc 7to (link)queue: Ack: (1/0)
Proc 7to (link)queue: Ack: (2/0)
Proc 7to (link)queue: Ack: (2/0)
Proc 7to (link)queue: Ack: (2/0)
Proc 7to (link)queue: Ack: (2/0)
Proc 7to (link)queue: Ack: (2/0)
Proc 7to (link)queue: Ack: (2/0)
Proc 7to (link)queue: Ack: (2/0)
Proc 7to (link)queue: Ack: (2/0)
No delivery this round
Proc 7 to (link)queue: Message: (3/0)
Proc 7to (link)queue: Ack: (3/0)
Proc 7to (link)queue: Ack: (0/0)
Proc 7to (link)queue: Ack: (3/0)
Proc 7to (link)queue: Ack: (1/0)
Proc 7to (link)queue: Ack: (3/0)
Proc 7to (link)queue: Ack: (3/0)
Proc 7to (link)queue: Ack: (3/0)
Proc 7to (link)queue: Ack: (3/0)
Proc 7to (link)queue: Ack: (3/0)
Proc 7to (link)queue: Ack: (2/0)
Proc 7to (link)queue: Ack: (3/0)
Proc 7to (link)queue: Ack: (3/0)
Proc 7to (link)queue: Ack: (3/0)
Proc 7to (link)queue: Ack: (3/0)
Proc 7to (link)queue: Ack: (3/0)
Proc 7to (link)queue: Ack: (3/0)
Proc 7to (link)queue: Ack: (3/0)
Proc 7to (link)queue: Ack: (3/0)
Added to queue: Message: (3/0)(pos = 3)
Proc 7 acking Message: (3/0) to Proc 0
Proc 7 acking Message: (3/0) to Proc 1
Proc 7 acking Message: (3/0) to Proc 2
Proc 7 acking Message: (3/0) to Proc 3
Proc 7 acking Message: (3/0) to Proc 4
Proc 7 acking Message: (3/0) to Proc 5
Proc 7 acking Message: (3/0) to Proc 6
Proc 7 acking Message: (3/0) to Proc 7
Proc 7to (link)queue: Ack: (3/0)
Proc 7to (link)queue: Ack: (3/0)
Proc 7to (link)queue: Ack: (3/0)
Proc 7to (link)queue: Ack: (3/0)
Proc 7 acking Message: (3/0) to Proc 8
Proc 7 acking Message: (3/0) to Proc 9
Proc 7 acking Message: (3/0) to Proc 10
Proc 7 acking Message: (3/0) to Proc 11
Proc 7 acking Message: (3/0) to Proc 12
Proc 7 acking Message: (3/0) to Proc 13
Proc 7 acking Message: (3/0) to Proc 14
Proc 7 acking Message: (3/0) to Proc 15
Proc 7 acking Message: (3/0) to Proc 16
Proc 7 acking Message: (3/0) to Proc 17
Proc 7 acking Message: (3/0) to Proc 18
Proc 7 acking Message: (3/0) to Proc 19
Deliver...
Proc7 delivery: Message: (0/0)
Proc 7to (link)queue: Ack: (3/0)
Proc 7 to (link)queue: Message: (5/0)
Proc 7to (link)queue: Ack: (5/0)
Proc 7to (link)queue: Ack: (5/0)
Proc 7to (link)queue: Ack: (5/0)
Proc 7to (link)queue: Ack: (5/0)
Proc 7to (link)queue: Ack: (5/0)
Proc 7to (link)queue: Ack: (5/0)
Proc 7to (link)queue: Ack: (5/0)
Proc 7to (link)queue: Ack: (5/0)
Proc 7to (link)queue: Ack: (5/0)
Proc 7to (link)queue: Ack: (5/0)
Added to queue: Message: (5/0)(pos = 3)
Proc 7 acking Message: (5/0) to Proc 0
Proc 7 acking Message: (5/0) to Proc 1
Proc 7 acking Message: (5/0) to Proc 2
Proc 7 acking Message: (5/0) to Proc 3
Proc 7 acking Message: (5/0) to Proc 4
Proc 7 acking Message: (5/0) to Proc 5
Proc 7 acking Message: (5/0) to Proc 6
Proc 7 acking Message: (5/0) to Proc 7
Proc 7to (link)queue: Ack: (5/0)
Proc 7to (link)queue: Ack: (5/0)
Proc 7to (link)queue: Ack: (5/0)
Proc 7 acking Message: (5/0) to Proc 8
Proc 7to (link)queue: Ack: (5/0)
Proc 7 acking Message: (5/0) to Proc 9
Proc 7 acking Message: (5/0) to Proc 10
Proc 7 acking Message: (5/0) to Proc 11
Proc 7 acking Message: (5/0) to Proc 12
Proc 7 acking Message: (5/0) to Proc 13
Proc 7 acking Message: (5/0) to Proc 14
Proc 7 acking Message: (5/0) to Proc 15
Proc 7 acking Message: (5/0) to Proc 16
Proc 7 acking Message: (5/0) to Proc 17
Proc 7 acking Message: (5/0) to Proc 18
Proc 7 acking Message: (5/0) to Proc 19
Deliver...
Proc7 delivery: Message: (1/0)
Proc 7to (link)queue: Ack: (5/0)
Proc 7to (link)queue: Ack: (5/0)
Proc 7to (link)queue: Ack: (5/0)
Proc 7to (link)queue: Ack: (5/0)
Proc 7to (link)queue: Ack: (5/0)
Proc 7to (link)queue: Ack: (5/0)
Deliver...
Proc7 delivery: Message: (2/0)
Deliver...
Proc7 delivery: Message: (3/0)
Deliver...
Proc7 delivery: Message: (5/0)
No delivery this round
No delivery this round
No delivery this round
No delivery this round
No delivery this round
No delivery this round
No delivery this round
No delivery this round
No delivery this round
No delivery this round
No delivery this round
No delivery this round
No delivery this round
No delivery this round
No delivery this round
No delivery this round
No delivery this round
No delivery this round
No delivery this round
No delivery this round
No delivery this round
No delivery this round
No delivery this round
No delivery this round
No delivery this round
No delivery this round
No delivery this round
No delivery this round
No delivery this round
No delivery this round
No delivery this round
No delivery this round
No delivery this round
No delivery this round
No delivery this round
No delivery this round
No delivery this round
No delivery this round
No delivery this round
No delivery this round
No delivery this round
No delivery this round
No delivery this round
No delivery this round
No delivery this round
No delivery this round
No delivery this round
No delivery this round
No delivery this round
No delivery this round
No delivery this round
No delivery this round
No delivery this round
No delivery this round
No delivery this round
No delivery this round
No delivery this round
No delivery this round
No delivery this round
No delivery this round
No delivery this round
No delivery this round
No delivery this round
No delivery this round
No delivery this round
No delivery this round
No delivery this round
No delivery this round
No delivery this round
No delivery this round
No delivery this round
No delivery this round
No delivery this round
No delivery this round
No delivery this round
No delivery this round
No delivery this round
No delivery this round
No delivery this round
No delivery this round
No delivery this round
No delivery this round
No delivery this round
No delivery this round
No delivery this round
No delivery this round
No delivery this round
No delivery this round
No delivery this round
No delivery this round
No delivery this round
No delivery this round
No delivery this round
